The target system is: Generic - 4.2.99 - arm
The host system is: Linux - 6.8.0-90-generic - x86_64
Compiling the C compiler identification source file "CMakeCCompilerId.c" succeeded.
Compiler: /home/smalab/ncs/toolchains/43683a87ea/opt/zephyr-sdk/arm-zephyr-eabi/bin/arm-zephyr-eabi-gcc 
Build flags: 
Id flags: -c 

The output was:
0


Compilation of the C compiler identification source "CMakeCCompilerId.c" produced "CMakeCCompilerId.o"

The C compiler identification is GNU, found in "/home/smalab/ISRO-Project/New_project-demo/phase2-firmware/build/phase2-firmware/CMakeFiles/3.21.0/CompilerIdC/CMakeCCompilerId.o"

Compiling the CXX compiler identification source file "CMakeCXXCompilerId.cpp" succeeded.
Compiler: /home/smalab/ncs/toolchains/43683a87ea/opt/zephyr-sdk/arm-zephyr-eabi/bin/arm-zephyr-eabi-g++ 
Build flags: 
Id flags: -c 

The output was:
0


Compilation of the CXX compiler identification source "CMakeCXXCompilerId.cpp" produced "CMakeCXXCompilerId.o"

The CXX compiler identification is GNU, found in "/home/smalab/ISRO-Project/New_project-demo/phase2-firmware/build/phase2-firmware/CMakeFiles/3.21.0/CompilerIdCXX/CMakeCXXCompilerId.o"

Checking whether the ASM compiler is GNU using "--version" matched "(GNU assembler)|(GCC)|(Free Software Foundation)":
arm-zephyr-eabi-gcc (Zephyr SDK 0.17.0) 12.2.0
Copyright (C) 2022 Free Software Foundation, Inc.
This is free software; see the source for copying conditions.  There is NO
warranty; not even for MERCHANTABILITY or FITNESS FOR A PARTICULAR PURPOSE.

Determining if files stdatomic.h exist passed with the following output:
Change Dir: /home/smalab/ISRO-Project/New_project-demo/phase2-firmware/build/phase2-firmware/CMakeFiles/CMakeTmp

Run Build Command(s):/home/smalab/ncs/toolchains/43683a87ea/usr/local/bin/ninja cmTC_780e9 && [1/2] Building C object CMakeFiles/cmTC_780e9.dir/HAVE_STDATOMIC_H.c.obj
[2/2] Linking C executable cmTC_780e9
arm-zephyr-eabi-gcc: warning: CMakeFiles/cmTC_780e9.dir/HAVE_STDATOMIC_H.c.obj: linker input file unused because linking not done



Determining if files fcntl.h exist passed with the following output:
Change Dir: /home/smalab/ISRO-Project/New_project-demo/phase2-firmware/build/phase2-firmware/CMakeFiles/CMakeTmp

Run Build Command(s):/home/smalab/ncs/toolchains/43683a87ea/usr/local/bin/ninja cmTC_81b64 && [1/2] Building C object CMakeFiles/cmTC_81b64.dir/HAVE_FCNTL_H.c.obj
[2/2] Linking C executable cmTC_81b64
arm-zephyr-eabi-gcc: warning: CMakeFiles/cmTC_81b64.dir/HAVE_FCNTL_H.c.obj: linker input file unused because linking not done



